2026-01-04 11:34:55 - DroneController - [ERROR] - Failed to load KML file: name 'MissionPlanner' is not defined
2026-01-04 11:34:55 - DroneController - [INFO] - DroneController initialized
2026-01-04 11:34:55 - DroneController - [INFO] - Geofence mode: polygon
2026-01-04 11:34:55 - DroneController - [INFO] - Connecting to 127.0.0.1:14551
2026-01-04 11:34:55 - DroneController - [INFO] - Waiting for heartbeat (attempt 1/3)...
2026-01-04 21:32:35 - DroneController - [INFO] - Mission planner initialized with KML: /Users/trishit_debsharma/Documents/Code/NIDAR/NIDAR/spray_drone/data/JUs.kml
2026-01-04 21:32:35 - DroneController - [INFO] - DroneController initialized
2026-01-04 21:32:35 - DroneController - [INFO] - Geofence mode: polygon
2026-01-04 21:32:35 - DroneController - [INFO] - Connecting to 127.0.0.1:14551
2026-01-04 21:32:35 - DroneController - [INFO] - Connection attempt 1/3...
2026-01-04 21:32:35 - DroneController - [INFO] - Waiting for heartbeat...
2026-01-04 21:33:05 - DroneController - [INFO] - Heartbeat from system 0, component 0
2026-01-04 21:33:05 - DroneController - [INFO] - Requesting data streams...
2026-01-04 21:33:05 - DroneController - [INFO] - Verifying data stream...
2026-01-04 21:33:05 - DroneController - [INFO] - Waiting for data streams to initialize...
2026-01-04 21:33:08 - DroneController - [INFO] - State transition: DISCONNECTED -> CONNECTED
2026-01-04 21:33:08 - DroneController - [INFO] - Telemetry log initialized: telemetry/telemetry_20260104_213308.csv
2026-01-04 21:33:08 - DroneController - [INFO] - ✓ Connection established and verified
2026-01-04 21:33:08 - DroneController - [INFO] - Telemetry loop started
2026-01-04 21:33:08 - DroneController - [INFO] - Heartbeat monitor started
2026-01-04 21:33:08 - DroneController - [INFO] - Command processor started
2026-01-04 21:33:08 - DroneController - [INFO] - Mission controller started
2026-01-04 21:33:08 - DroneController - [INFO] - All threads started
2026-01-04 21:33:08 - DroneController - [INFO] - State transition: CONNECTED -> IDLE
2026-01-04 21:33:10 - DroneController - [INFO] - Loading mission with 5 points
2026-01-04 21:33:10 - DroneController - [INFO] - Starting position: lat=0.000000, lon=0.000000
2026-01-04 21:33:10 - DroneController - [INFO] - Mission validated: 5 waypoints
2026-01-04 21:33:10 - DroneController - [INFO] - Return home waypoint added: (22.497943, 88.372148)
2026-01-04 21:33:10 - DroneController - [INFO] - Starting arm and takeoff to 3.0m
2026-01-04 21:33:10 - DroneController - [INFO] - Using polygon geofence from KML
2026-01-04 21:33:10 - DroneController - [INFO] - Setting mode to GUIDED (attempt 1)
2026-01-04 21:33:12 - DroneController - [INFO] - Setting mode to GUIDED (attempt 2)
2026-01-04 21:33:13 - DroneController - [WARNING] - No heartbeat for 5.0s
2026-01-04 21:33:13 - DroneController - [WARNING] - No messages received in 5 seconds
2026-01-04 21:33:14 - DroneController - [WARNING] - No heartbeat for 6.0s
2026-01-04 21:33:14 - DroneController - [INFO] - Setting mode to GUIDED (attempt 3)
2026-01-04 21:33:15 - DroneController - [WARNING] - No heartbeat for 7.0s
2026-01-04 21:33:16 - DroneController - [ERROR] - Failed to change mode to GUIDED
2026-01-04 21:33:16 - DroneController - [WARNING] - No heartbeat for 8.0s
2026-01-04 21:33:16 - DroneController - [INFO] - Stopping controller...
2026-01-04 21:33:16 - DroneController - [INFO] - Command processor stopped
2026-01-04 21:33:16 - DroneController - [INFO] - Telemetry loop stopped. Total messages: 0
2026-01-04 21:33:16 - DroneController - [INFO] - Message type distribution: {}
2026-01-04 21:33:16 - DroneController - [INFO] - Mission controller stopped
2026-01-04 21:33:17 - DroneController - [INFO] - Heartbeat monitor stopped
2026-01-04 21:33:17 - DroneController - [INFO] - Controller stopped
2026-01-04 21:39:02 - DroneController - [INFO] - Mission planner initialized with KML: /Users/trishit_debsharma/Documents/Code/NIDAR/NIDAR/spray_drone/data/JUs.kml
2026-01-04 21:39:02 - DroneController - [INFO] - DroneController initialized
2026-01-04 21:39:02 - DroneController - [INFO] - Geofence mode: polygon
2026-01-04 21:39:02 - DroneController - [INFO] - Connecting to 127.0.0.1:14551
2026-01-04 21:39:02 - DroneController - [INFO] - Connection attempt 1/3...
2026-01-04 21:39:02 - DroneController - [INFO] - Waiting for heartbeat...
2026-01-04 21:39:32 - DroneController - [INFO] - Heartbeat from system 0, component 0
2026-01-04 21:39:32 - DroneController - [INFO] - Requesting data streams...
2026-01-04 21:39:32 - DroneController - [INFO] - Verifying data stream...
2026-01-04 21:39:32 - DroneController - [INFO] - Verifying data stream reception...
2026-01-04 21:39:42 - DroneController - [WARNING] - Missing message types: ['HEARTBEAT', 'GLOBAL_POSITION_INT', 'ATTITUDE', 'SYS_STATUS']
2026-01-04 21:39:42 - DroneController - [ERROR] - ✗ Data stream verification failed
2026-01-04 21:39:42 - DroneController - [WARNING] - Data stream verification failed, retrying...
2026-01-04 21:39:44 - DroneController - [INFO] - Connection attempt 2/3...
2026-01-04 21:39:44 - DroneController - [INFO] - Waiting for heartbeat...
2026-01-04 21:40:14 - DroneController - [INFO] - Heartbeat from system 0, component 0
2026-01-04 21:40:14 - DroneController - [INFO] - Requesting data streams...
2026-01-04 21:40:14 - DroneController - [INFO] - Verifying data stream...
2026-01-04 21:40:14 - DroneController - [INFO] - Verifying data stream reception...
2026-01-04 21:40:24 - DroneController - [WARNING] - Missing message types: ['HEARTBEAT', 'GLOBAL_POSITION_INT', 'ATTITUDE', 'SYS_STATUS']
2026-01-04 21:40:24 - DroneController - [ERROR] - ✗ Data stream verification failed
2026-01-04 21:40:24 - DroneController - [WARNING] - Data stream verification failed, retrying...
2026-01-04 21:40:26 - DroneController - [INFO] - Connection attempt 3/3...
2026-01-04 21:40:26 - DroneController - [INFO] - Waiting for heartbeat...
2026-01-04 21:40:56 - DroneController - [INFO] - Heartbeat from system 0, component 0
2026-01-04 21:40:56 - DroneController - [INFO] - Requesting data streams...
2026-01-04 21:40:56 - DroneController - [INFO] - Verifying data stream...
2026-01-04 21:40:56 - DroneController - [INFO] - Verifying data stream reception...
2026-01-04 21:41:06 - DroneController - [WARNING] - Missing message types: ['HEARTBEAT', 'GLOBAL_POSITION_INT', 'ATTITUDE', 'SYS_STATUS']
2026-01-04 21:41:06 - DroneController - [ERROR] - ✗ Data stream verification failed
2026-01-04 21:41:06 - DroneController - [WARNING] - Data stream verification failed, retrying...
2026-01-04 21:41:08 - DroneController - [ERROR] - Failed to connect after 3 attempts
2026-01-04 21:41:08 - DroneController - [INFO] - Stopping controller...
2026-01-04 21:41:08 - DroneController - [INFO] - Controller stopped
2026-01-04 21:42:28 - DroneController - [INFO] - Mission planner initialized with KML: /Users/trishit_debsharma/Documents/Code/NIDAR/NIDAR/spray_drone/data/JUs.kml
2026-01-04 21:42:28 - DroneController - [INFO] - DroneController initialized
2026-01-04 21:42:28 - DroneController - [INFO] - Geofence mode: polygon
2026-01-04 21:42:28 - DroneController - [INFO] - Connecting to 127.0.0.1:14551
2026-01-04 21:42:28 - DroneController - [INFO] - Connection attempt 1/3...
2026-01-04 21:42:28 - DroneController - [INFO] - Waiting for heartbeat...
2026-01-04 21:42:28 - DroneController - [INFO] - Heartbeat from system 1, component 0
2026-01-04 21:42:28 - DroneController - [INFO] - Requesting data streams...
2026-01-04 21:42:28 - DroneController - [INFO] - Verifying data stream...
2026-01-04 21:42:28 - DroneController - [INFO] - Verifying data stream reception...
2026-01-04 21:42:29 - DroneController - [INFO] - ✓ All critical data streams verified
2026-01-04 21:42:29 - DroneController - [INFO] - Waiting for data streams to initialize...
2026-01-04 21:42:32 - DroneController - [INFO] - State transition: DISCONNECTED -> CONNECTED
2026-01-04 21:42:32 - DroneController - [INFO] - Telemetry log initialized: telemetry/telemetry_20260104_214232.csv
2026-01-04 21:42:32 - DroneController - [INFO] - ✓ Connection established and verified
2026-01-04 21:42:32 - DroneController - [INFO] - Telemetry loop started
2026-01-04 21:42:32 - DroneController - [INFO] - Heartbeat monitor started
2026-01-04 21:42:32 - DroneController - [INFO] - Command processor started
2026-01-04 21:42:32 - DroneController - [INFO] - Mission controller started
2026-01-04 21:42:32 - DroneController - [INFO] - All threads started
2026-01-04 21:42:32 - DroneController - [INFO] - ✓ First telemetry message received
2026-01-04 21:42:32 - DroneController - [INFO] - State transition: CONNECTED -> IDLE
2026-01-04 21:42:34 - DroneController - [INFO] - Loading mission with 5 points
2026-01-04 21:42:34 - DroneController - [INFO] - Starting position: lat=22.498041, lon=88.372440
2026-01-04 21:42:34 - DroneController - [INFO] - Mission validated: 5 waypoints
2026-01-04 21:42:34 - DroneController - [INFO] - Return home waypoint added: (22.498022, 88.372386)
2026-01-04 21:42:34 - DroneController - [INFO] - Starting arm and takeoff to 3.0m
2026-01-04 21:42:34 - DroneController - [INFO] - Using polygon geofence from KML
2026-01-04 21:42:34 - DroneController - [INFO] - Setting mode to GUIDED (attempt 1)
2026-01-04 21:42:35 - DroneController - [INFO] - Mode changed to GUIDED
2026-01-04 21:42:35 - DroneController - [INFO] - State transition: IDLE -> ARMING
2026-01-04 21:42:35 - DroneController - [INFO] - Waiting for drone to become armable...
2026-01-04 21:42:35 - DroneController - [INFO] - ✓ Drone is armable
2026-01-04 21:42:35 - DroneController - [INFO] - Arming attempt 1/3
2026-01-04 21:42:35 - DroneController - [INFO] - Armed successfully
2026-01-04 21:42:35 - DroneController - [INFO] - State transition: ARMING -> ARMED
2026-01-04 21:42:35 - DroneController - [INFO] - State transition: ARMED -> TAKING_OFF
2026-01-04 21:42:35 - DroneController - [INFO] - Takeoff attempt 1/3
2026-01-04 21:42:35 - DroneController - [INFO] - Takeoff command accepted
2026-01-04 21:42:41 - DroneController - [INFO] - Target altitude reached: 2.39m
2026-01-04 21:42:41 - DroneController - [INFO] - Arm and takeoff complete
2026-01-04 21:42:41 - DroneController - [ERROR] - Drone must be armed and at altitude
2026-01-04 21:42:41 - DroneController - [INFO] - Stopping controller...
2026-01-04 21:42:41 - DroneController - [INFO] - Telemetry loop stopped. Total messages: 1681
2026-01-04 21:42:41 - DroneController - [INFO] - Message type distribution: {'AHRS': 45, 'AHRS2': 72, 'ATTITUDE': 72, 'BATTERY_STATUS': 44, 'COMMAND_ACK': 4, 'EKF_STATUS_REPORT': 44, 'ESC_TELEMETRY_1_TO_4': 72, 'ESC_TELEMETRY_5_TO_8': 72, 'EXTENDED_SYS_STATE': 13, 'GLOBAL_POSITION_INT': 78, 'GPS_GLOBAL_ORIGIN': 1, 'GPS_RAW_INT': 58, 'HEARTBEAT': 13, 'HOME_POSITION': 14, 'LOCAL_POSITION_NED': 78, 'MEMINFO': 58, 'MISSION_CURRENT': 58, 'NAV_CONTROLLER_OUTPUT': 58, 'PARAM_VALUE': 1, 'POWER_STATUS': 58, 'RAW_IMU': 49, 'RC_CHANNELS': 67, 'SCALED_IMU2': 49, 'SCALED_IMU3': 49, 'SCALED_PRESSURE': 49, 'SCALED_PRESSURE2': 49, 'SERVO_OUTPUT_RAW': 67, 'SIMSTATE': 72, 'STATUSTEXT': 1, 'SYSTEM_TIME': 44, 'SYS_STATUS': 58, 'TERRAIN_REPORT': 44, 'TERRAIN_REQUEST': 6, 'TIMESYNC': 1, 'UNKNOWN_437': 3, 'VFR_HUD': 72, 'VIBRATION': 44, 'WIND': 44}
2026-01-04 21:42:41 - DroneController - [INFO] - Mission controller stopped
2026-01-04 21:42:41 - DroneController - [INFO] - Command processor stopped
2026-01-04 21:42:42 - DroneController - [INFO] - Heartbeat monitor stopped
2026-01-04 21:42:42 - DroneController - [INFO] - Controller stopped
2026-01-04 21:46:07 - DroneController - [INFO] - Mission planner initialized with KML: /Users/trishit_debsharma/Documents/Code/NIDAR/NIDAR/spray_drone/data/JUs.kml
2026-01-04 21:46:07 - DroneController - [INFO] - DroneController initialized
2026-01-04 21:46:07 - DroneController - [INFO] - Geofence mode: polygon
2026-01-04 21:46:07 - DroneController - [INFO] - Connecting to 127.0.0.1:14551
2026-01-04 21:46:07 - DroneController - [INFO] - Connection attempt 1/3...
2026-01-04 21:46:07 - DroneController - [INFO] - Waiting for heartbeat...
2026-01-04 21:46:08 - DroneController - [INFO] - Heartbeat from system 1, component 0
2026-01-04 21:46:08 - DroneController - [INFO] - Requesting data streams...
2026-01-04 21:46:08 - DroneController - [INFO] - Verifying data stream...
2026-01-04 21:46:08 - DroneController - [INFO] - Verifying data stream reception...
2026-01-04 21:46:09 - DroneController - [INFO] - ✓ All critical data streams verified
2026-01-04 21:46:09 - DroneController - [INFO] - Waiting for data streams to initialize...
2026-01-04 21:46:12 - DroneController - [INFO] - State transition: DISCONNECTED -> CONNECTED
2026-01-04 21:46:12 - DroneController - [INFO] - Telemetry log initialized: telemetry/telemetry_20260104_214612.csv
2026-01-04 21:46:12 - DroneController - [INFO] - ✓ Connection established and verified
2026-01-04 21:46:12 - DroneController - [INFO] - Telemetry loop started
2026-01-04 21:46:12 - DroneController - [INFO] - ✓ First telemetry message received
2026-01-04 21:46:12 - DroneController - [INFO] - Heartbeat monitor started
2026-01-04 21:46:12 - DroneController - [INFO] - Command processor started
2026-01-04 21:46:12 - DroneController - [INFO] - Mission controller started
2026-01-04 21:46:12 - DroneController - [INFO] - All threads started
2026-01-04 21:46:12 - DroneController - [INFO] - State transition: CONNECTED -> IDLE
2026-01-04 21:46:14 - DroneController - [INFO] - Loading mission with 5 points
2026-01-04 21:46:14 - DroneController - [INFO] - Starting position: lat=22.498041, lon=88.372439
2026-01-04 21:46:14 - DroneController - [INFO] - Mission validated: 5 waypoints
2026-01-04 21:46:14 - DroneController - [INFO] - Return home waypoint added: (22.498022, 88.372386)
2026-01-04 21:46:14 - DroneController - [INFO] - Starting arm and takeoff to 3.0m
2026-01-04 21:46:14 - DroneController - [INFO] - Using polygon geofence from KML
2026-01-04 21:46:14 - DroneController - [INFO] - Setting mode to GUIDED (attempt 1)
2026-01-04 21:46:15 - DroneController - [INFO] - Mode changed to GUIDED
2026-01-04 21:46:15 - DroneController - [INFO] - State transition: IDLE -> ARMING
2026-01-04 21:46:15 - DroneController - [INFO] - Waiting for drone to become armable...
2026-01-04 21:46:15 - DroneController - [INFO] - ✓ Drone is armable
2026-01-04 21:46:15 - DroneController - [INFO] - Arming attempt 1/3
2026-01-04 21:46:15 - DroneController - [INFO] - Armed successfully
2026-01-04 21:46:15 - DroneController - [INFO] - State transition: ARMING -> ARMED
2026-01-04 21:46:15 - DroneController - [INFO] - State transition: ARMED -> TAKING_OFF
2026-01-04 21:46:15 - DroneController - [INFO] - Takeoff attempt 1/3
2026-01-04 21:46:15 - DroneController - [INFO] - Takeoff command accepted
2026-01-04 21:46:21 - DroneController - [INFO] - Target altitude reached: 2.45m
2026-01-04 21:46:21 - DroneController - [INFO] - Arm and takeoff complete
2026-01-04 21:46:21 - DroneController - [INFO] - State transition: TAKING_OFF -> ARMED
2026-01-04 21:46:21 - DroneController - [INFO] - Starting mission with 6 waypoints
2026-01-04 21:46:21 - DroneController - [INFO] - State transition: ARMED -> MISSION_ACTIVE
2026-01-04 21:46:21 - DroneController - [INFO] - Sending waypoint: (22.498022, 88.372386, 3.00)
2026-01-04 21:46:21 - DroneController - [ERROR] - Geofence violation: Outside polygon boundary: (22.498041, 88.372439)
2026-01-04 21:46:21 - DroneController - [CRITICAL] - Emergency RTL triggered
2026-01-04 21:46:21 - DroneController - [INFO] - State transition: MISSION_ACTIVE -> RETURNING_HOME
2026-01-04 21:46:21 - DroneController - [INFO] - Setting mode to RTL (attempt 1)
2026-01-04 21:46:22 - DroneController - [INFO] - Telemetry: 5601 msgs | GPS: (22.498041, 88.372439, 3.04m) | Battery: 61% | Mode: RTL
2026-01-04 21:46:22 - DroneController - [INFO] - Mode changed to RTL
2026-01-04 21:46:22 - DroneController - [INFO] - RTL in progress
2026-01-04 21:46:22 - DroneController - [ERROR] - Geofence violation: Outside polygon boundary: (22.498041, 88.372439)
2026-01-04 21:46:22 - DroneController - [CRITICAL] - Emergency RTL triggered
2026-01-04 21:46:22 - DroneController - [INFO] - State transition: RETURNING_HOME -> RETURNING_HOME
2026-01-04 21:46:22 - DroneController - [INFO] - Setting mode to RTL (attempt 1)
2026-01-04 21:46:23 - DroneController - [INFO] - Mode changed to RTL
2026-01-04 21:46:23 - DroneController - [INFO] - RTL in progress
2026-01-04 21:46:23 - DroneController - [ERROR] - Geofence violation: Outside polygon boundary: (22.498041, 88.372439)
2026-01-04 21:46:23 - DroneController - [CRITICAL] - Emergency RTL triggered
2026-01-04 21:46:23 - DroneController - [INFO] - State transition: RETURNING_HOME -> RETURNING_HOME
2026-01-04 21:46:23 - DroneController - [INFO] - Setting mode to RTL (attempt 1)
2026-01-04 21:46:24 - DroneController - [INFO] - Mode changed to RTL
2026-01-04 21:46:24 - DroneController - [INFO] - RTL in progress
2026-01-04 21:46:24 - DroneController - [ERROR] - Geofence violation: Outside polygon boundary: (22.498041, 88.372439)
2026-01-04 21:46:24 - DroneController - [CRITICAL] - Emergency RTL triggered
2026-01-04 21:46:24 - DroneController - [INFO] - State transition: RETURNING_HOME -> RETURNING_HOME
2026-01-04 21:46:24 - DroneController - [INFO] - Setting mode to RTL (attempt 1)
2026-01-04 21:46:25 - DroneController - [INFO] - Mode changed to RTL
2026-01-04 21:46:25 - DroneController - [INFO] - RTL in progress
2026-01-04 21:46:25 - DroneController - [ERROR] - Geofence violation: Outside polygon boundary: (22.498041, 88.372439)
2026-01-04 21:46:25 - DroneController - [CRITICAL] - Emergency RTL triggered
2026-01-04 21:46:25 - DroneController - [INFO] - State transition: RETURNING_HOME -> RETURNING_HOME
2026-01-04 21:46:25 - DroneController - [INFO] - Setting mode to RTL (attempt 1)
2026-01-04 21:46:26 - DroneController - [INFO] - Mode changed to RTL
2026-01-04 21:46:26 - DroneController - [INFO] - RTL in progress
2026-01-04 21:46:26 - DroneController - [ERROR] - Geofence violation: Outside polygon boundary: (22.498041, 88.372439)
2026-01-04 21:46:26 - DroneController - [CRITICAL] - Emergency RTL triggered
2026-01-04 21:46:26 - DroneController - [INFO] - State transition: RETURNING_HOME -> RETURNING_HOME
2026-01-04 21:46:26 - DroneController - [INFO] - Setting mode to RTL (attempt 1)
2026-01-04 21:46:27 - DroneController - [INFO] - Mode changed to RTL
2026-01-04 21:46:27 - DroneController - [INFO] - RTL in progress
2026-01-04 21:46:27 - DroneController - [ERROR] - Geofence violation: Outside polygon boundary: (22.498041, 88.372439)
2026-01-04 21:46:27 - DroneController - [CRITICAL] - Emergency RTL triggered
2026-01-04 21:46:27 - DroneController - [INFO] - State transition: RETURNING_HOME -> RETURNING_HOME
2026-01-04 21:46:27 - DroneController - [INFO] - Setting mode to RTL (attempt 1)
2026-01-04 21:46:28 - DroneController - [INFO] - Mode changed to RTL
2026-01-04 21:46:28 - DroneController - [INFO] - RTL in progress
2026-01-04 21:46:28 - DroneController - [ERROR] - Geofence violation: Outside polygon boundary: (22.498041, 88.372439)
2026-01-04 21:46:28 - DroneController - [CRITICAL] - Emergency RTL triggered
2026-01-04 21:46:28 - DroneController - [INFO] - State transition: RETURNING_HOME -> RETURNING_HOME
2026-01-04 21:46:28 - DroneController - [INFO] - Setting mode to RTL (attempt 1)
2026-01-04 21:46:29 - DroneController - [INFO] - Mode changed to RTL
2026-01-04 21:46:29 - DroneController - [INFO] - RTL in progress
2026-01-04 21:46:29 - DroneController - [ERROR] - Geofence violation: Outside polygon boundary: (22.498041, 88.372439)
2026-01-04 21:46:29 - DroneController - [CRITICAL] - Emergency RTL triggered
2026-01-04 21:46:29 - DroneController - [INFO] - State transition: RETURNING_HOME -> RETURNING_HOME
2026-01-04 21:46:29 - DroneController - [INFO] - Setting mode to RTL (attempt 1)
2026-01-04 21:46:30 - DroneController - [INFO] - Mode changed to RTL
2026-01-04 21:46:30 - DroneController - [INFO] - RTL in progress
2026-01-04 21:46:30 - DroneController - [ERROR] - Geofence violation: Outside polygon boundary: (22.498041, 88.372439)
2026-01-04 21:46:30 - DroneController - [CRITICAL] - Emergency RTL triggered
2026-01-04 21:46:30 - DroneController - [INFO] - State transition: RETURNING_HOME -> RETURNING_HOME
2026-01-04 21:46:30 - DroneController - [INFO] - Setting mode to RTL (attempt 1)
2026-01-04 21:46:31 - DroneController - [INFO] - Mode changed to RTL
2026-01-04 21:46:31 - DroneController - [INFO] - RTL in progress
2026-01-04 21:46:31 - DroneController - [ERROR] - Geofence violation: Outside polygon boundary: (22.498041, 88.372439)
2026-01-04 21:46:31 - DroneController - [CRITICAL] - Emergency RTL triggered
2026-01-04 21:46:31 - DroneController - [INFO] - State transition: RETURNING_HOME -> RETURNING_HOME
2026-01-04 21:46:31 - DroneController - [INFO] - Setting mode to RTL (attempt 1)
2026-01-04 21:46:32 - DroneController - [INFO] - Telemetry: 6786 msgs | GPS: (22.498041, 88.372439, 1.86m) | Battery: 59% | Mode: RTL
2026-01-04 21:46:32 - DroneController - [INFO] - Mode changed to RTL
2026-01-04 21:46:32 - DroneController - [INFO] - RTL in progress
2026-01-04 21:46:32 - DroneController - [ERROR] - Geofence violation: Outside polygon boundary: (22.498041, 88.372439)
2026-01-04 21:46:32 - DroneController - [CRITICAL] - Emergency RTL triggered
2026-01-04 21:46:32 - DroneController - [INFO] - State transition: RETURNING_HOME -> RETURNING_HOME
2026-01-04 21:46:32 - DroneController - [INFO] - Setting mode to RTL (attempt 1)
2026-01-04 21:46:33 - DroneController - [INFO] - Mode changed to RTL
2026-01-04 21:46:33 - DroneController - [INFO] - RTL in progress
2026-01-04 21:46:33 - DroneController - [ERROR] - Geofence violation: Outside polygon boundary: (22.498041, 88.372439)
2026-01-04 21:46:33 - DroneController - [CRITICAL] - Emergency RTL triggered
2026-01-04 21:46:33 - DroneController - [INFO] - State transition: RETURNING_HOME -> RETURNING_HOME
2026-01-04 21:46:33 - DroneController - [INFO] - Setting mode to RTL (attempt 1)
2026-01-04 21:46:34 - DroneController - [INFO] - Mode changed to RTL
2026-01-04 21:46:34 - DroneController - [INFO] - RTL in progress
2026-01-04 21:46:34 - DroneController - [ERROR] - Geofence violation: Outside polygon boundary: (22.498041, 88.372439)
2026-01-04 21:46:34 - DroneController - [CRITICAL] - Emergency RTL triggered
2026-01-04 21:46:34 - DroneController - [INFO] - State transition: RETURNING_HOME -> RETURNING_HOME
2026-01-04 21:46:34 - DroneController - [INFO] - Setting mode to RTL (attempt 1)
2026-01-04 21:46:35 - DroneController - [INFO] - Mode changed to RTL
2026-01-04 21:46:35 - DroneController - [INFO] - RTL in progress
2026-01-04 21:46:35 - DroneController - [ERROR] - Geofence violation: Altitude too low: 0.36m < 0.5m
2026-01-04 21:46:35 - DroneController - [CRITICAL] - Emergency RTL triggered
2026-01-04 21:46:35 - DroneController - [INFO] - State transition: RETURNING_HOME -> RETURNING_HOME
2026-01-04 21:46:35 - DroneController - [INFO] - Setting mode to RTL (attempt 1)
2026-01-04 21:46:36 - DroneController - [INFO] - Mode changed to RTL
2026-01-04 21:46:36 - DroneController - [INFO] - RTL in progress
2026-01-04 21:46:36 - DroneController - [ERROR] - Geofence violation: Altitude too low: -0.02m < 0.5m
2026-01-04 21:46:36 - DroneController - [CRITICAL] - Emergency RTL triggered
2026-01-04 21:46:36 - DroneController - [INFO] - State transition: RETURNING_HOME -> RETURNING_HOME
2026-01-04 21:46:36 - DroneController - [INFO] - Setting mode to RTL (attempt 1)
2026-01-04 21:46:37 - DroneController - [INFO] - Mode changed to RTL
2026-01-04 21:46:37 - DroneController - [INFO] - RTL in progress
2026-01-04 21:46:37 - DroneController - [ERROR] - Geofence violation: Altitude too low: -0.01m < 0.5m
2026-01-04 21:46:37 - DroneController - [CRITICAL] - Emergency RTL triggered
2026-01-04 21:46:37 - DroneController - [INFO] - State transition: RETURNING_HOME -> RETURNING_HOME
2026-01-04 21:46:37 - DroneController - [INFO] - Setting mode to RTL (attempt 1)
2026-01-04 21:46:38 - DroneController - [INFO] - Mode changed to RTL
2026-01-04 21:46:38 - DroneController - [INFO] - RTL in progress
2026-01-04 21:46:38 - DroneController - [ERROR] - Geofence violation: Altitude too low: -0.00m < 0.5m
2026-01-04 21:46:38 - DroneController - [CRITICAL] - Emergency RTL triggered
2026-01-04 21:46:38 - DroneController - [INFO] - State transition: RETURNING_HOME -> RETURNING_HOME
2026-01-04 21:46:38 - DroneController - [INFO] - Setting mode to RTL (attempt 1)
2026-01-04 21:46:39 - DroneController - [INFO] - Mode changed to RTL
2026-01-04 21:46:39 - DroneController - [INFO] - RTL in progress
2026-01-04 21:46:39 - DroneController - [ERROR] - Geofence violation: Altitude too low: 0.00m < 0.5m
2026-01-04 21:46:39 - DroneController - [CRITICAL] - Emergency RTL triggered
2026-01-04 21:46:39 - DroneController - [INFO] - State transition: RETURNING_HOME -> RETURNING_HOME
2026-01-04 21:46:39 - DroneController - [INFO] - Setting mode to RTL (attempt 1)
2026-01-04 21:46:40 - DroneController - [INFO] - Mode changed to RTL
2026-01-04 21:46:40 - DroneController - [INFO] - RTL in progress
2026-01-04 21:46:40 - DroneController - [ERROR] - Geofence violation: Altitude too low: 0.00m < 0.5m
2026-01-04 21:46:40 - DroneController - [CRITICAL] - Emergency RTL triggered
2026-01-04 21:46:40 - DroneController - [INFO] - State transition: RETURNING_HOME -> RETURNING_HOME
2026-01-04 21:46:40 - DroneController - [INFO] - Setting mode to RTL (attempt 1)
2026-01-04 21:46:41 - DroneController - [INFO] - Mode changed to RTL
2026-01-04 21:46:41 - DroneController - [INFO] - RTL in progress
2026-01-04 21:46:41 - DroneController - [ERROR] - Geofence violation: Altitude too low: 0.00m < 0.5m
2026-01-04 21:46:41 - DroneController - [CRITICAL] - Emergency RTL triggered
2026-01-04 21:46:41 - DroneController - [INFO] - State transition: RETURNING_HOME -> RETURNING_HOME
2026-01-04 21:46:41 - DroneController - [INFO] - Setting mode to RTL (attempt 1)
2026-01-04 21:46:42 - DroneController - [INFO] - Telemetry: 7946 msgs | GPS: (22.498041, 88.372439, 0.00m) | Battery: 58% | Mode: RTL
2026-01-04 21:46:42 - DroneController - [INFO] - Mode changed to RTL
2026-01-04 21:46:42 - DroneController - [INFO] - RTL in progress
2026-01-04 21:46:42 - DroneController - [ERROR] - Geofence violation: Altitude too low: 0.00m < 0.5m
2026-01-04 21:46:42 - DroneController - [CRITICAL] - Emergency RTL triggered
2026-01-04 21:46:42 - DroneController - [INFO] - State transition: RETURNING_HOME -> RETURNING_HOME
2026-01-04 21:46:42 - DroneController - [INFO] - Setting mode to RTL (attempt 1)
2026-01-04 21:46:43 - DroneController - [INFO] - Mode changed to RTL
2026-01-04 21:46:43 - DroneController - [INFO] - RTL in progress
2026-01-04 21:46:43 - DroneController - [ERROR] - Geofence violation: Altitude too low: 0.00m < 0.5m
2026-01-04 21:46:43 - DroneController - [CRITICAL] - Emergency RTL triggered
2026-01-04 21:46:43 - DroneController - [INFO] - State transition: RETURNING_HOME -> RETURNING_HOME
2026-01-04 21:46:43 - DroneController - [INFO] - Setting mode to RTL (attempt 1)
2026-01-04 21:46:44 - DroneController - [INFO] - Mode changed to RTL
2026-01-04 21:46:44 - DroneController - [INFO] - RTL in progress
2026-01-04 21:46:44 - DroneController - [ERROR] - Geofence violation: Altitude too low: 0.00m < 0.5m
2026-01-04 21:46:44 - DroneController - [CRITICAL] - Emergency RTL triggered
2026-01-04 21:46:44 - DroneController - [INFO] - State transition: RETURNING_HOME -> RETURNING_HOME
2026-01-04 21:46:44 - DroneController - [INFO] - Setting mode to RTL (attempt 1)
2026-01-04 21:46:45 - DroneController - [INFO] - Mode changed to RTL
2026-01-04 21:46:45 - DroneController - [INFO] - RTL in progress
2026-01-04 21:46:45 - DroneController - [ERROR] - Geofence violation: Altitude too low: 0.00m < 0.5m
2026-01-04 21:46:45 - DroneController - [CRITICAL] - Emergency RTL triggered
2026-01-04 21:46:45 - DroneController - [INFO] - State transition: RETURNING_HOME -> RETURNING_HOME
2026-01-04 21:46:45 - DroneController - [INFO] - Setting mode to RTL (attempt 1)
2026-01-04 21:46:46 - DroneController - [INFO] - Mode changed to RTL
2026-01-04 21:46:46 - DroneController - [INFO] - RTL in progress
2026-01-04 21:46:46 - DroneController - [ERROR] - Geofence violation: Altitude too low: 0.00m < 0.5m
2026-01-04 21:46:46 - DroneController - [CRITICAL] - Emergency RTL triggered
2026-01-04 21:46:46 - DroneController - [INFO] - State transition: RETURNING_HOME -> RETURNING_HOME
2026-01-04 21:46:46 - DroneController - [INFO] - Setting mode to RTL (attempt 1)
2026-01-04 21:46:47 - DroneController - [INFO] - Mode changed to RTL
2026-01-04 21:46:47 - DroneController - [INFO] - RTL in progress
2026-01-04 21:46:47 - DroneController - [ERROR] - Geofence violation: Altitude too low: 0.00m < 0.5m
2026-01-04 21:46:47 - DroneController - [CRITICAL] - Emergency RTL triggered
2026-01-04 21:46:47 - DroneController - [INFO] - State transition: RETURNING_HOME -> RETURNING_HOME
2026-01-04 21:46:47 - DroneController - [INFO] - Setting mode to RTL (attempt 1)
2026-01-04 21:46:48 - DroneController - [INFO] - Mode changed to RTL
2026-01-04 21:46:48 - DroneController - [INFO] - RTL in progress
2026-01-04 21:46:48 - DroneController - [ERROR] - Geofence violation: Altitude too low: 0.00m < 0.5m
2026-01-04 21:46:48 - DroneController - [CRITICAL] - Emergency RTL triggered
2026-01-04 21:46:48 - DroneController - [INFO] - State transition: RETURNING_HOME -> RETURNING_HOME
2026-01-04 21:46:48 - DroneController - [INFO] - Setting mode to RTL (attempt 1)
2026-01-04 21:46:49 - DroneController - [INFO] - Mode changed to RTL
2026-01-04 21:46:49 - DroneController - [INFO] - RTL in progress
2026-01-04 21:46:49 - DroneController - [ERROR] - Geofence violation: Altitude too low: 0.00m < 0.5m
2026-01-04 21:46:49 - DroneController - [CRITICAL] - Emergency RTL triggered
2026-01-04 21:46:49 - DroneController - [INFO] - State transition: RETURNING_HOME -> RETURNING_HOME
2026-01-04 21:46:49 - DroneController - [INFO] - Setting mode to RTL (attempt 1)
2026-01-04 21:46:50 - DroneController - [INFO] - Mode changed to RTL
2026-01-04 21:46:50 - DroneController - [INFO] - RTL in progress
2026-01-04 21:46:50 - DroneController - [ERROR] - Geofence violation: Altitude too low: 0.00m < 0.5m
2026-01-04 21:46:50 - DroneController - [CRITICAL] - Emergency RTL triggered
2026-01-04 21:46:50 - DroneController - [INFO] - State transition: RETURNING_HOME -> RETURNING_HOME
2026-01-04 21:46:50 - DroneController - [INFO] - Setting mode to RTL (attempt 1)
2026-01-04 21:46:51 - DroneController - [INFO] - Mode changed to RTL
2026-01-04 21:46:51 - DroneController - [INFO] - RTL in progress
2026-01-04 21:46:51 - DroneController - [ERROR] - Geofence violation: Altitude too low: 0.00m < 0.5m
2026-01-04 21:46:51 - DroneController - [CRITICAL] - Emergency RTL triggered
2026-01-04 21:46:51 - DroneController - [INFO] - State transition: RETURNING_HOME -> RETURNING_HOME
2026-01-04 21:46:51 - DroneController - [INFO] - Setting mode to RTL (attempt 1)
2026-01-04 21:46:52 - DroneController - [INFO] - Telemetry: 9099 msgs | GPS: (22.498041, 88.372439, 0.00m) | Battery: 58% | Mode: RTL
2026-01-04 21:46:52 - DroneController - [INFO] - Mode changed to RTL
2026-01-04 21:46:52 - DroneController - [INFO] - RTL in progress
2026-01-04 21:46:52 - DroneController - [ERROR] - Geofence violation: Altitude too low: 0.00m < 0.5m
2026-01-04 21:46:52 - DroneController - [CRITICAL] - Emergency RTL triggered
2026-01-04 21:46:52 - DroneController - [INFO] - State transition: RETURNING_HOME -> RETURNING_HOME
2026-01-04 21:46:52 - DroneController - [INFO] - Setting mode to RTL (attempt 1)
2026-01-04 21:46:53 - DroneController - [INFO] - Mode changed to RTL
2026-01-04 21:46:53 - DroneController - [INFO] - RTL in progress
2026-01-04 21:46:53 - DroneController - [ERROR] - Geofence violation: Altitude too low: 0.00m < 0.5m
2026-01-04 21:46:53 - DroneController - [CRITICAL] - Emergency RTL triggered
2026-01-04 21:46:53 - DroneController - [INFO] - State transition: RETURNING_HOME -> RETURNING_HOME
2026-01-04 21:46:53 - DroneController - [INFO] - Setting mode to RTL (attempt 1)
2026-01-04 21:46:54 - DroneController - [INFO] - Mode changed to RTL
2026-01-04 21:46:54 - DroneController - [INFO] - RTL in progress
2026-01-04 21:46:54 - DroneController - [ERROR] - Geofence violation: Altitude too low: 0.00m < 0.5m
2026-01-04 21:46:54 - DroneController - [CRITICAL] - Emergency RTL triggered
2026-01-04 21:46:54 - DroneController - [INFO] - State transition: RETURNING_HOME -> RETURNING_HOME
2026-01-04 21:46:54 - DroneController - [INFO] - Setting mode to RTL (attempt 1)
2026-01-04 21:46:55 - DroneController - [INFO] - Mode changed to RTL
2026-01-04 21:46:55 - DroneController - [INFO] - RTL in progress
2026-01-04 21:46:55 - DroneController - [ERROR] - Geofence violation: Altitude too low: 0.00m < 0.5m
2026-01-04 21:46:55 - DroneController - [CRITICAL] - Emergency RTL triggered
2026-01-04 21:46:55 - DroneController - [INFO] - State transition: RETURNING_HOME -> RETURNING_HOME
2026-01-04 21:46:55 - DroneController - [INFO] - Setting mode to RTL (attempt 1)
2026-01-04 21:46:56 - DroneController - [INFO] - Mode changed to RTL
2026-01-04 21:46:56 - DroneController - [INFO] - RTL in progress
2026-01-04 21:46:56 - DroneController - [ERROR] - Geofence violation: Altitude too low: 0.00m < 0.5m
2026-01-04 21:46:56 - DroneController - [CRITICAL] - Emergency RTL triggered
2026-01-04 21:46:56 - DroneController - [INFO] - State transition: RETURNING_HOME -> RETURNING_HOME
2026-01-04 21:46:56 - DroneController - [INFO] - Setting mode to RTL (attempt 1)
2026-01-04 21:46:57 - DroneController - [INFO] - Mode changed to RTL
2026-01-04 21:46:57 - DroneController - [INFO] - RTL in progress
2026-01-04 21:46:57 - DroneController - [ERROR] - Geofence violation: Altitude too low: 0.00m < 0.5m
2026-01-04 21:46:57 - DroneController - [CRITICAL] - Emergency RTL triggered
2026-01-04 21:46:57 - DroneController - [INFO] - State transition: RETURNING_HOME -> RETURNING_HOME
2026-01-04 21:46:57 - DroneController - [INFO] - Setting mode to RTL (attempt 1)
2026-01-04 21:46:58 - DroneController - [INFO] - Mode changed to RTL
2026-01-04 21:46:58 - DroneController - [INFO] - RTL in progress
2026-01-04 21:46:58 - DroneController - [ERROR] - Geofence violation: Altitude too low: 0.00m < 0.5m
2026-01-04 21:46:58 - DroneController - [CRITICAL] - Emergency RTL triggered
2026-01-04 21:46:58 - DroneController - [INFO] - State transition: RETURNING_HOME -> RETURNING_HOME
2026-01-04 21:46:58 - DroneController - [INFO] - Setting mode to RTL (attempt 1)
2026-01-04 21:46:59 - DroneController - [INFO] - Mode changed to RTL
2026-01-04 21:46:59 - DroneController - [INFO] - RTL in progress
2026-01-04 21:46:59 - DroneController - [ERROR] - Geofence violation: Altitude too low: 0.00m < 0.5m
2026-01-04 21:46:59 - DroneController - [CRITICAL] - Emergency RTL triggered
2026-01-04 21:46:59 - DroneController - [INFO] - State transition: RETURNING_HOME -> RETURNING_HOME
2026-01-04 21:46:59 - DroneController - [INFO] - Setting mode to RTL (attempt 1)
2026-01-04 21:47:00 - DroneController - [INFO] - Mode changed to RTL
2026-01-04 21:47:00 - DroneController - [INFO] - RTL in progress
2026-01-04 21:47:00 - DroneController - [ERROR] - Geofence violation: Altitude too low: 0.00m < 0.5m
2026-01-04 21:47:00 - DroneController - [CRITICAL] - Emergency RTL triggered
2026-01-04 21:47:00 - DroneController - [INFO] - State transition: RETURNING_HOME -> RETURNING_HOME
2026-01-04 21:47:00 - DroneController - [INFO] - Setting mode to RTL (attempt 1)
2026-01-04 21:47:01 - DroneController - [INFO] - Mode changed to RTL
2026-01-04 21:47:01 - DroneController - [INFO] - RTL in progress
2026-01-04 21:47:01 - DroneController - [ERROR] - Geofence violation: Altitude too low: 0.00m < 0.5m
2026-01-04 21:47:01 - DroneController - [CRITICAL] - Emergency RTL triggered
2026-01-04 21:47:01 - DroneController - [INFO] - State transition: RETURNING_HOME -> RETURNING_HOME
2026-01-04 21:47:01 - DroneController - [INFO] - Setting mode to RTL (attempt 1)
2026-01-04 21:47:02 - DroneController - [INFO] - Telemetry: 10254 msgs | GPS: (22.498041, 88.372439, 0.00m) | Battery: 58% | Mode: RTL
2026-01-04 21:47:02 - DroneController - [INFO] - Mode changed to RTL
2026-01-04 21:47:02 - DroneController - [INFO] - RTL in progress
2026-01-04 21:47:02 - DroneController - [ERROR] - Geofence violation: Altitude too low: 0.00m < 0.5m
2026-01-04 21:47:02 - DroneController - [CRITICAL] - Emergency RTL triggered
2026-01-04 21:47:02 - DroneController - [INFO] - State transition: RETURNING_HOME -> RETURNING_HOME
2026-01-04 21:47:02 - DroneController - [INFO] - Setting mode to RTL (attempt 1)
2026-01-04 21:47:03 - DroneController - [INFO] - Mode changed to RTL
2026-01-04 21:47:03 - DroneController - [INFO] - RTL in progress
2026-01-04 21:47:03 - DroneController - [ERROR] - Geofence violation: Altitude too low: 0.00m < 0.5m
2026-01-04 21:47:03 - DroneController - [CRITICAL] - Emergency RTL triggered
2026-01-04 21:47:03 - DroneController - [INFO] - State transition: RETURNING_HOME -> RETURNING_HOME
2026-01-04 21:47:03 - DroneController - [INFO] - Setting mode to RTL (attempt 1)
2026-01-04 21:47:04 - DroneController - [INFO] - Mode changed to RTL
2026-01-04 21:47:04 - DroneController - [INFO] - RTL in progress
2026-01-04 21:47:04 - DroneController - [ERROR] - Geofence violation: Altitude too low: 0.00m < 0.5m
2026-01-04 21:47:04 - DroneController - [CRITICAL] - Emergency RTL triggered
2026-01-04 21:47:04 - DroneController - [INFO] - State transition: RETURNING_HOME -> RETURNING_HOME
2026-01-04 21:47:04 - DroneController - [INFO] - Setting mode to RTL (attempt 1)
2026-01-04 21:47:05 - DroneController - [INFO] - Mode changed to RTL
2026-01-04 21:47:05 - DroneController - [INFO] - RTL in progress
2026-01-04 21:47:05 - DroneController - [ERROR] - Geofence violation: Altitude too low: 0.00m < 0.5m
2026-01-04 21:47:05 - DroneController - [CRITICAL] - Emergency RTL triggered
2026-01-04 21:47:05 - DroneController - [INFO] - State transition: RETURNING_HOME -> RETURNING_HOME
2026-01-04 21:47:05 - DroneController - [INFO] - Setting mode to RTL (attempt 1)
2026-01-04 21:47:06 - DroneController - [INFO] - Mode changed to RTL
2026-01-04 21:47:06 - DroneController - [INFO] - RTL in progress
2026-01-04 21:47:06 - DroneController - [ERROR] - Geofence violation: Altitude too low: 0.00m < 0.5m
2026-01-04 21:47:06 - DroneController - [CRITICAL] - Emergency RTL triggered
2026-01-04 21:47:06 - DroneController - [INFO] - State transition: RETURNING_HOME -> RETURNING_HOME
2026-01-04 21:47:06 - DroneController - [INFO] - Setting mode to RTL (attempt 1)
2026-01-04 21:47:07 - DroneController - [INFO] - Mode changed to RTL
2026-01-04 21:47:07 - DroneController - [INFO] - RTL in progress
2026-01-04 21:47:07 - DroneController - [ERROR] - Geofence violation: Altitude too low: 0.00m < 0.5m
2026-01-04 21:47:07 - DroneController - [CRITICAL] - Emergency RTL triggered
2026-01-04 21:47:07 - DroneController - [INFO] - State transition: RETURNING_HOME -> RETURNING_HOME
2026-01-04 21:47:07 - DroneController - [INFO] - Setting mode to RTL (attempt 1)
2026-01-04 21:47:08 - DroneController - [INFO] - Mode changed to RTL
2026-01-04 21:47:08 - DroneController - [INFO] - RTL in progress
2026-01-04 21:47:08 - DroneController - [ERROR] - Geofence violation: Altitude too low: 0.00m < 0.5m
2026-01-04 21:47:08 - DroneController - [CRITICAL] - Emergency RTL triggered
2026-01-04 21:47:08 - DroneController - [INFO] - State transition: RETURNING_HOME -> RETURNING_HOME
2026-01-04 21:47:08 - DroneController - [INFO] - Setting mode to RTL (attempt 1)
2026-01-04 21:47:09 - DroneController - [INFO] - Mode changed to RTL
2026-01-04 21:47:09 - DroneController - [INFO] - RTL in progress
2026-01-04 21:47:09 - DroneController - [ERROR] - Geofence violation: Altitude too low: 0.00m < 0.5m
2026-01-04 21:47:09 - DroneController - [CRITICAL] - Emergency RTL triggered
2026-01-04 21:47:09 - DroneController - [INFO] - State transition: RETURNING_HOME -> RETURNING_HOME
2026-01-04 21:47:09 - DroneController - [INFO] - Setting mode to RTL (attempt 1)
2026-01-04 21:47:10 - DroneController - [INFO] - Mode changed to RTL
2026-01-04 21:47:10 - DroneController - [INFO] - RTL in progress
2026-01-04 21:47:10 - DroneController - [ERROR] - Geofence violation: Altitude too low: 0.00m < 0.5m
2026-01-04 21:47:10 - DroneController - [CRITICAL] - Emergency RTL triggered
2026-01-04 21:47:10 - DroneController - [INFO] - State transition: RETURNING_HOME -> RETURNING_HOME
2026-01-04 21:47:10 - DroneController - [INFO] - Setting mode to RTL (attempt 1)
2026-01-04 21:47:11 - DroneController - [INFO] - Mode changed to RTL
2026-01-04 21:47:11 - DroneController - [INFO] - RTL in progress
2026-01-04 21:47:11 - DroneController - [ERROR] - Geofence violation: Altitude too low: 0.00m < 0.5m
2026-01-04 21:47:11 - DroneController - [CRITICAL] - Emergency RTL triggered
2026-01-04 21:47:11 - DroneController - [INFO] - State transition: RETURNING_HOME -> RETURNING_HOME
2026-01-04 21:47:11 - DroneController - [INFO] - Setting mode to RTL (attempt 1)
2026-01-04 21:47:11 - DroneController - [CRITICAL] - EMERGENCY STOP
2026-01-04 21:47:12 - DroneController - [INFO] - Telemetry: 11408 msgs | GPS: (22.498041, 88.372439, 0.00m) | Battery: 58% | Mode: RTL
2026-01-04 21:47:12 - DroneController - [INFO] - Mode changed to RTL
2026-01-04 21:47:12 - DroneController - [INFO] - RTL in progress
2026-01-04 21:47:12 - DroneController - [CRITICAL] - Emergency land triggered
2026-01-04 21:47:12 - DroneController - [INFO] - State transition: RETURNING_HOME -> LANDING
2026-01-04 21:47:12 - DroneController - [INFO] - Setting mode to LAND (attempt 1)
2026-01-04 21:47:13 - DroneController - [INFO] - Mode changed to LAND
2026-01-04 21:47:13 - DroneController - [INFO] - Landing in progress
2026-01-04 21:47:13 - DroneController - [ERROR] - Geofence violation: Altitude too low: 0.00m < 0.5m
2026-01-04 21:47:13 - DroneController - [CRITICAL] - Emergency RTL triggered
2026-01-04 21:47:13 - DroneController - [INFO] - State transition: LANDING -> RETURNING_HOME
2026-01-04 21:47:13 - DroneController - [INFO] - Setting mode to RTL (attempt 1)
2026-01-04 21:47:14 - DroneController - [INFO] - Mode changed to RTL
2026-01-04 21:47:14 - DroneController - [INFO] - RTL in progress
2026-01-04 21:47:14 - DroneController - [ERROR] - Geofence violation: Altitude too low: 0.00m < 0.5m
2026-01-04 21:47:14 - DroneController - [CRITICAL] - Emergency RTL triggered
2026-01-04 21:47:14 - DroneController - [INFO] - State transition: RETURNING_HOME -> RETURNING_HOME
2026-01-04 21:47:14 - DroneController - [INFO] - Setting mode to RTL (attempt 1)
2026-01-04 21:47:15 - DroneController - [INFO] - Mode changed to RTL
2026-01-04 21:47:15 - DroneController - [INFO] - RTL in progress
2026-01-04 21:47:15 - DroneController - [ERROR] - Geofence violation: Altitude too low: 0.00m < 0.5m
2026-01-04 21:47:15 - DroneController - [CRITICAL] - Emergency RTL triggered
2026-01-04 21:47:15 - DroneController - [INFO] - State transition: RETURNING_HOME -> RETURNING_HOME
2026-01-04 21:47:15 - DroneController - [INFO] - Setting mode to RTL (attempt 1)
2026-01-04 21:47:16 - DroneController - [INFO] - Mode changed to RTL
2026-01-04 21:47:16 - DroneController - [INFO] - RTL in progress
2026-01-04 21:47:16 - DroneController - [ERROR] - Geofence violation: Altitude too low: 0.00m < 0.5m
2026-01-04 21:47:16 - DroneController - [CRITICAL] - Emergency RTL triggered
2026-01-04 21:47:16 - DroneController - [INFO] - State transition: RETURNING_HOME -> RETURNING_HOME
2026-01-04 21:47:16 - DroneController - [INFO] - Setting mode to RTL (attempt 1)
2026-01-04 21:47:16 - DroneController - [INFO] - Stopping controller...
2026-01-04 21:47:16 - DroneController - [INFO] - Telemetry loop stopped. Total messages: 11941
2026-01-04 21:47:16 - DroneController - [INFO] - Message type distribution: {'AHRS': 417, 'AHRS2': 416, 'ATTITUDE': 416, 'BATTERY_STATUS': 416, 'COMMAND_ACK': 2, 'EKF_STATUS_REPORT': 416, 'ESC_TELEMETRY_1_TO_4': 416, 'ESC_TELEMETRY_5_TO_8': 416, 'EXTENDED_SYS_STATE': 68, 'GLOBAL_POSITION_INT': 416, 'GPS_GLOBAL_ORIGIN': 1, 'GPS_RAW_INT': 416, 'HEARTBEAT': 71, 'HOME_POSITION': 69, 'LOCAL_POSITION_NED': 416, 'MEMINFO': 416, 'MISSION_CURRENT': 416, 'NAV_CONTROLLER_OUTPUT': 416, 'PARAM_VALUE': 6, 'POSITION_TARGET_GLOBAL_INT': 49, 'POWER_STATUS': 416, 'RAW_IMU': 416, 'RC_CHANNELS': 416, 'SCALED_IMU2': 416, 'SCALED_IMU3': 416, 'SCALED_PRESSURE': 416, 'SCALED_PRESSURE2': 416, 'SERVO_OUTPUT_RAW': 416, 'SIMSTATE': 416, 'STATUSTEXT': 5, 'SYSTEM_TIME': 416, 'SYS_STATUS': 416, 'TERRAIN_REPORT': 416, 'TIMESYNC': 7, 'UNKNOWN_437': 14, 'VFR_HUD': 416, 'VIBRATION': 416, 'WIND': 416}
2026-01-04 21:47:17 - DroneController - [INFO] - Command processor stopped
2026-01-04 21:47:17 - DroneController - [INFO] - Heartbeat monitor stopped
2026-01-04 21:47:17 - DroneController - [INFO] - Mode changed to RTL
2026-01-04 21:47:17 - DroneController - [INFO] - RTL in progress
2026-01-04 21:47:17 - DroneController - [INFO] - Mission controller stopped
2026-01-04 21:47:17 - DroneController - [INFO] - Controller stopped
2026-01-04 21:54:16 - DroneController - [INFO] - Mission planner initialized with KML: /Users/trishit_debsharma/Documents/Code/NIDAR/NIDAR/spray_drone/data/JU.kml
2026-01-04 21:54:16 - DroneController - [INFO] - DroneController initialized
2026-01-04 21:54:16 - DroneController - [INFO] - Geofence mode: polygon
2026-01-04 21:54:16 - DroneController - [INFO] - Connecting to 127.0.0.1:14551
2026-01-04 21:54:16 - DroneController - [INFO] - Connection attempt 1/3...
2026-01-04 21:54:16 - DroneController - [INFO] - Waiting for heartbeat...
2026-01-04 21:54:17 - DroneController - [INFO] - Heartbeat from system 1, component 0
2026-01-04 21:54:17 - DroneController - [INFO] - Requesting data streams...
2026-01-04 21:54:17 - DroneController - [INFO] - Verifying data stream...
2026-01-04 21:54:17 - DroneController - [INFO] - Verifying data stream reception...
2026-01-04 21:54:18 - DroneController - [INFO] - ✓ All critical data streams verified
2026-01-04 21:54:18 - DroneController - [INFO] - Waiting for data streams to initialize...
2026-01-04 21:54:21 - DroneController - [INFO] - State transition: DISCONNECTED -> CONNECTED
2026-01-04 21:54:21 - DroneController - [INFO] - Telemetry log initialized: telemetry/telemetry_20260104_215421.csv
2026-01-04 21:54:21 - DroneController - [INFO] - ✓ Connection established and verified
2026-01-04 21:54:21 - DroneController - [INFO] - Telemetry loop started
2026-01-04 21:54:21 - DroneController - [INFO] - Heartbeat monitor started
2026-01-04 21:54:21 - DroneController - [INFO] - Command processor started
2026-01-04 21:54:21 - DroneController - [INFO] - ✓ First telemetry message received
2026-01-04 21:54:21 - DroneController - [INFO] - Mission controller started
2026-01-04 21:54:21 - DroneController - [INFO] - All threads started
2026-01-04 21:54:21 - DroneController - [INFO] - State transition: CONNECTED -> IDLE
2026-01-04 21:54:23 - DroneController - [INFO] - Loading mission with 5 points
2026-01-04 21:54:23 - DroneController - [INFO] - Starting position: lat=22.498041, lon=88.372439
2026-01-04 21:54:23 - DroneController - [INFO] - Mission validated: 5 waypoints
2026-01-04 21:54:23 - DroneController - [INFO] - Return home waypoint added: (22.498022, 88.372386)
2026-01-04 21:54:23 - DroneController - [INFO] - Starting arm and takeoff to 3.0m
2026-01-04 21:54:23 - DroneController - [INFO] - Using polygon geofence from KML
2026-01-04 21:54:23 - DroneController - [INFO] - Setting mode to GUIDED (attempt 1)
2026-01-04 21:54:24 - DroneController - [INFO] - Mode changed to GUIDED
2026-01-04 21:54:24 - DroneController - [INFO] - State transition: IDLE -> ARMING
2026-01-04 21:54:24 - DroneController - [INFO] - Waiting for drone to become armable...
2026-01-04 21:54:24 - DroneController - [INFO] - ✓ Drone is armable
2026-01-04 21:54:24 - DroneController - [INFO] - Arming attempt 1/3
2026-01-04 21:54:24 - DroneController - [INFO] - Armed successfully
2026-01-04 21:54:24 - DroneController - [INFO] - State transition: ARMING -> ARMED
2026-01-04 21:54:24 - DroneController - [INFO] - State transition: ARMED -> TAKING_OFF
2026-01-04 21:54:24 - DroneController - [INFO] - Takeoff attempt 1/3
2026-01-04 21:54:24 - DroneController - [INFO] - Takeoff command accepted
2026-01-04 21:54:29 - DroneController - [INFO] - Target altitude reached: 2.09m
2026-01-04 21:54:29 - DroneController - [INFO] - Arm and takeoff complete
2026-01-04 21:54:29 - DroneController - [INFO] - State transition: TAKING_OFF -> ARMED
2026-01-04 21:54:29 - DroneController - [INFO] - Starting mission with 6 waypoints
2026-01-04 21:54:29 - DroneController - [INFO] - State transition: ARMED -> MISSION_ACTIVE
2026-01-04 21:54:29 - DroneController - [INFO] - Sending waypoint: (22.498022, 88.372386, 3.00)
2026-01-04 21:54:29 - DroneController - [ERROR] - Geofence violation: Outside polygon boundary: (22.498041, 88.372440)
2026-01-04 21:54:29 - DroneController - [CRITICAL] - Emergency RTL triggered
2026-01-04 21:54:29 - DroneController - [INFO] - State transition: MISSION_ACTIVE -> RETURNING_HOME
2026-01-04 21:54:29 - DroneController - [INFO] - Setting mode to RTL (attempt 1)
2026-01-04 21:54:30 - DroneController - [INFO] - Mode changed to RTL
2026-01-04 21:54:30 - DroneController - [INFO] - RTL in progress
2026-01-04 21:54:31 - DroneController - [INFO] - Telemetry: 6440 msgs | GPS: (22.498041, 88.372439, 2.90m) | Battery: 99% | Mode: RTL
2026-01-04 21:54:41 - DroneController - [INFO] - Telemetry: 7627 msgs | GPS: (22.498041, 88.372440, 1.95m) | Battery: 96% | Mode: RTL
2026-01-04 21:54:41 - DroneController - [INFO] - Stopping controller...
2026-01-04 21:54:41 - DroneController - [INFO] - Mission controller stopped
2026-01-04 21:54:41 - DroneController - [INFO] - Command processor stopped
2026-01-04 21:54:42 - DroneController - [INFO] - Telemetry loop stopped. Total messages: 7713
2026-01-04 21:54:42 - DroneController - [INFO] - Message type distribution: {'AHRS': 272, 'AHRS2': 271, 'ATTITUDE': 271, 'BATTERY_STATUS': 271, 'COMMAND_ACK': 2, 'EKF_STATUS_REPORT': 271, 'ESC_TELEMETRY_1_TO_4': 271, 'ESC_TELEMETRY_5_TO_8': 271, 'EXTENDED_SYS_STATE': 24, 'GLOBAL_POSITION_INT': 271, 'GPS_GLOBAL_ORIGIN': 1, 'GPS_RAW_INT': 271, 'HEARTBEAT': 25, 'HOME_POSITION': 25, 'LOCAL_POSITION_NED': 271, 'MEMINFO': 271, 'MISSION_CURRENT': 271, 'NAV_CONTROLLER_OUTPUT': 271, 'PARAM_VALUE': 1, 'POSITION_TARGET_GLOBAL_INT': 41, 'POWER_STATUS': 271, 'RAW_IMU': 271, 'RC_CHANNELS': 271, 'SCALED_IMU2': 271, 'SCALED_IMU3': 271, 'SCALED_PRESSURE': 271, 'SCALED_PRESSURE2': 271, 'SERVO_OUTPUT_RAW': 271, 'SIMSTATE': 271, 'STATUSTEXT': 3, 'SYSTEM_TIME': 271, 'SYS_STATUS': 271, 'TERRAIN_REPORT': 271, 'TIMESYNC': 2, 'VFR_HUD': 271, 'VIBRATION': 271, 'WIND': 271}
2026-01-04 21:54:42 - DroneController - [INFO] - Heartbeat monitor stopped
2026-01-04 21:54:42 - DroneController - [INFO] - Controller stopped
